<?xml version="1.0" encoding="UTF-8"?>
<!-- Generated by org.testng.reporters.JUnitReportReporter -->
<testsuite hostname="ATHS-DELL" failures="0" tests="1" name="userApi.JsonparseAssertion" time="2.190" errors="0" timestamp="2021-09-16T05:51:04 CDT" skipped="0">
  <testcase classname="userApi.JsonparseAssertion" name="getUser" time="2.190"/>
  <system-out>
    <![CDATA[Test started]]>
  </system-out>
</testsuite> <!-- userApi.JsonparseAssertion -->
