<?xml version="1.0" encoding="UTF-8"?>
<!-- Generated by org.testng.reporters.JUnitReportReporter -->
<testsuite hostname="ATHS-DELL" failures="0" tests="4" name="userApi.GetUser" time="2.375" errors="0" timestamp="2021-10-15T09:48:43 CDT" skipped="0">
  <testcase classname="userApi.GetUser" name="deleteUser" time="1.523"/>
  <system-out/>
  <testcase classname="userApi.GetUser" name="postUser" time="0.323"/>
  <system-out/>
  <testcase classname="userApi.GetUser" name="patchUser" time="0.403"/>
  <system-out/>
  <testcase classname="userApi.GetUser" name="getUser" time="0.126"/>
  <system-out/>
</testsuite> <!-- userApi.GetUser -->
