<?xml version="1.0" encoding="UTF-8"?>
<!-- Generated by org.testng.reporters.JUnitReportReporter -->
<testsuite hostname="ATHS-DELL" failures="0" tests="4" name="sampleApi.BasicApiTest" time="1.544" errors="0" timestamp="2021-10-15T12:41:57 CDT" skipped="3">
  <testcase classname="sampleApi.BasicApiTest" name="UpdateUser" time="1.544"/>
  <system-out>
    <![CDATA[{"id":"265","createdAt":"2021-10-15T17:41:57.098Z"}
HTTP/1.1 201 Created]]>
  </system-out>
  <testcase classname="sampleApi.BasicApiTest" name="creatUser">
    <skipped/>
  </testcase> <!-- creatUser -->
  <system-out/>
  <testcase classname="sampleApi.BasicApiTest" name="getusers">
    <skipped/>
  </testcase> <!-- getusers -->
  <system-out/>
  <testcase classname="sampleApi.BasicApiTest" name="getUser">
    <skipped/>
  </testcase> <!-- getUser -->
  <system-out/>
</testsuite> <!-- sampleApi.BasicApiTest -->
